<?xml version="1.0" encoding="UTF-8"?>
<!-- Generated by org.testng.reporters.JUnitReportReporter -->
<testsuite hostname="DESKTOP-6891DEK" failures="0" tests="1" name="org.pravin.ExtentReports.ExtentReportDemo" time="25.378" errors="0" timestamp="11 Dec 2022 08:38:05 GMT" skipped="0">
  <testcase classname="org.pravin.ExtentReports.ExtentReportDemo" name="initialDemo" time="25.378"/>
</testsuite> <!-- org.pravin.ExtentReports.ExtentReportDemo -->
